<?xml version="1.0" encoding="UTF-8"?>
<!-- Generated by org.testng.reporters.JUnitReportReporter -->
<testsuite hostname="Nijhanth" failures="0" tests="1" name="testngBasic.Window" time="10.617" errors="0" timestamp="2025-02-02T16:09:32 IST" skipped="0">
  <testcase classname="testngBasic.Window" name="windowHandling" time="10.617"/>
  <system-out/>
</testsuite> <!-- testngBasic.Window -->
